0 info it worked if it ends with ok
1 verbose cli [ '/usr/local/bin/node', '/usr/local/bin/npm', 'publish', '.' ]
2 info using npm@2.11.3
3 info using node@v0.12.7
4 verbose publish [ '.' ]
5 silly cache add args [ '.', null ]
6 verbose cache add spec .
7 silly cache add parsed spec { raw: '.',
7 silly cache add   scope: null,
7 silly cache add   name: null,
7 silly cache add   rawSpec: '.',
7 silly cache add   spec: '/Users/florianherrengt/Documents/projects/np-diff',
7 silly cache add   type: 'directory' }
8 verbose addLocalDirectory /Users/florianherrengt/.npm/np-diff/1.0.0/package.tgz not in flight; packing
9 verbose tar pack [ '/Users/florianherrengt/.npm/np-diff/1.0.0/package.tgz',
9 verbose tar pack   '/Users/florianherrengt/Documents/projects/np-diff' ]
10 verbose tarball /Users/florianherrengt/.npm/np-diff/1.0.0/package.tgz
11 verbose folder /Users/florianherrengt/Documents/projects/np-diff
12 info prepublish np-diff@1.0.0
13 verbose addLocalTarball adding from inside cache /Users/florianherrengt/.npm/np-diff/1.0.0/package.tgz
14 silly cache afterAdd np-diff@1.0.0
15 verbose afterAdd /Users/florianherrengt/.npm/np-diff/1.0.0/package/package.json not in flight; writing
16 verbose afterAdd /Users/florianherrengt/.npm/np-diff/1.0.0/package/package.json written
17 silly publish { name: 'np-diff',
17 silly publish   version: '1.0.0',
17 silly publish   description: 'Diff between node_modules folder and package.json',
17 silly publish   bin: { 'np-diff': './index.js' },
17 silly publish   main: 'index.js',
17 silly publish   scripts: { test: 'echo "Error: no test specified" && exit 1' },
17 silly publish   author: { name: 'Florian Herrengt' },
17 silly publish   license: 'ISC',
17 silly publish   repository:
17 silly publish    { type: 'git',
17 silly publish      url: 'https://github.com/florianherrengt/np-diff.git' },
17 silly publish   bugs: { url: 'https://github.com/florianherrengt/np-diff/issues' },
17 silly publish   homepage: 'https://github.com/florianherrengt/np-diff',
17 silly publish   readme: '# np-diff\nGet diff between you node_modules folder and package.json\n\n```\nnpm install np-diff -g\n```\n\nExample:\n\n```\n- my-project\n  - package.json\n  - node_modules\n```\n\n```\n$ cd my-project && np-diff\nbody-parser version is different. package.json:1.13.3, node_modules:1.14.1\nchai version is different. package.json:3.2.0, node_modules:3.3.0\nmocha is not in your package.json file\n```\n',
17 silly publish   readmeFilename: 'README.md',
17 silly publish   gitHead: 'ede64baac61b11c5e63805fc60d1714c996bc1e9',
17 silly publish   _id: 'np-diff@1.0.0',
17 silly publish   _shasum: '6b01e3897f754f990a5bf6cfc8eb61518d804978',
17 silly publish   _from: '.' }
18 verbose getPublishConfig undefined
19 silly mapToRegistry name np-diff
20 silly mapToRegistry using default registry
21 silly mapToRegistry registry https://registry.npmjs.org/
22 silly mapToRegistry uri https://registry.npmjs.org/np-diff
23 verbose publish registryBase https://registry.npmjs.org/
24 silly publish uploading /Users/florianherrengt/.npm/np-diff/1.0.0/package.tgz
25 verbose request uri https://registry.npmjs.org/np-diff
26 verbose request sending authorization for write operation
27 info attempt registry request try #1 at 5:43:01 PM
28 verbose request using bearer token for auth
29 verbose request id f798a19813b07b9e
30 http request PUT https://registry.npmjs.org/np-diff
31 http 403 https://registry.npmjs.org/np-diff
32 verbose headers { 'content-type': 'application/json',
32 verbose headers   'cache-control': 'max-age=60',
32 verbose headers   'content-length': '95',
32 verbose headers   'accept-ranges': 'bytes',
32 verbose headers   date: 'Tue, 13 Oct 2015 16:43:01 GMT',
32 verbose headers   via: '1.1 varnish',
32 verbose headers   connection: 'keep-alive',
32 verbose headers   'x-served-by': 'cache-lcy1120-LCY',
32 verbose headers   'x-cache': 'MISS',
32 verbose headers   'x-cache-hits': '0',
32 verbose headers   'x-timer': 'S1444754580.898401,VS0,VE934' }
33 verbose request invalidating /Users/florianherrengt/.npm/registry.npmjs.org/np-diff on PUT
34 error publish Failed PUT 403
35 verbose stack Error: "You cannot publish over the previously published version 1.0.0." : np-diff
35 verbose stack     at CachingRegistryClient.<anonymous> (/usr/local/lib/node_modules/npm/node_modules/npm-registry-client/lib/request.js:247:14)
35 verbose stack     at Request._callback (/usr/local/lib/node_modules/npm/node_modules/npm-registry-client/lib/request.js:170:14)
35 verbose stack     at Request.self.callback (/usr/local/lib/node_modules/npm/node_modules/request/request.js:354:22)
35 verbose stack     at Request.emit (events.js:110:17)
35 verbose stack     at Request.<anonymous> (/usr/local/lib/node_modules/npm/node_modules/request/request.js:1207:14)
35 verbose stack     at Request.emit (events.js:129:20)
35 verbose stack     at IncomingMessage.<anonymous> (/usr/local/lib/node_modules/npm/node_modules/request/request.js:1153:12)
35 verbose stack     at IncomingMessage.emit (events.js:129:20)
35 verbose stack     at _stream_readable.js:908:16
35 verbose stack     at process._tickCallback (node.js:355:11)
36 verbose statusCode 403
37 verbose pkgid np-diff
38 verbose cwd /Users/florianherrengt/Documents/projects/np-diff
39 error Darwin 14.5.0
40 error argv "/usr/local/bin/node" "/usr/local/bin/npm" "publish" "."
41 error node v0.12.7
42 error npm  v2.11.3
43 error code E403
44 error "You cannot publish over the previously published version 1.0.0." : np-diff
45 error If you need help, you may report this error at:
45 error     <https://github.com/npm/npm/issues>
46 verbose exit [ 1, true ]
